2022-03-01 22:03:40,746:INFO:PyCaret Supervised Module
2022-03-01 22:03:40,746:INFO:ML Usecase: classification
2022-03-01 22:03:40,746:INFO:version 2.3.6
2022-03-01 22:03:40,746:INFO:Initializing setup()
2022-03-01 22:03:40,746:INFO:setup(target=evolucaoCaso, ml_usecase=classification, available_plots={'parameter': 'Hyperparameters', 'auc': 'AUC', 'confusion_matrix': 'Confusion Matrix', 'threshold': 'Threshold', 'pr': 'Precision Recall', 'error': 'Prediction Error', 'class_report': 'Class Report', 'rfe': 'Feature Selection', 'learning': 'Learning Curve', 'manifold': 'Manifold Learning', 'calibration': 'Calibration Curve', 'vc': 'Validation Curve', 'dimension': 'Dimensions', 'feature': 'Feature Importance', 'feature_all': 'Feature Importance (All)', 'boundary': 'Decision Boundary', 'lift': 'Lift Chart', 'gain': 'Gain Chart', 'tree': 'Decision Tree', 'ks': 'KS Statistic Plot'}, train_size=0.7, test_data=None, preprocess=True, imputation_type=simple, iterative_imputation_iters=5, categorical_features=None, categorical_imputation=constant, categorical_iterative_imputer=lightgbm, ordinal_features=None, high_cardinality_features=None, high_cardinality_method=frequency, numeric_features=None, numeric_imputation=mean, numeric_iterative_imputer=lightgbm, date_features=None, ignore_features=None, normalize=False, normalize_method=zscore, transformation=False, transformation_method=yeo-johnson, handle_unknown_categorical=True, unknown_categorical_method=least_frequent, pca=False, pca_method=linear, pca_components=None, ignore_low_variance=False, combine_rare_levels=False, rare_level_threshold=0.1, bin_numeric_features=None, remove_outliers=False, outliers_threshold=0.05, remove_multicollinearity=False, multicollinearity_threshold=0.9, remove_perfect_collinearity=True, create_clusters=False, cluster_iter=20, polynomial_features=False, polynomial_degree=2, trigonometry_features=False, polynomial_threshold=0.1, group_features=None, group_names=None, feature_selection=False, feature_selection_threshold=0.8, feature_selection_method=classic, feature_interaction=False, feature_ratio=False, interaction_threshold=0.01, fix_imbalance=False, fix_imbalance_method=None, transform_target=False, transform_target_method=box-cox, data_split_shuffle=True, data_split_stratify=False, fold_strategy=stratifiedkfold, fold=10, fold_shuffle=False, fold_groups=None, n_jobs=-1, use_gpu=False, custom_pipeline=None, html=True, session_id=None, log_experiment=False, experiment_name=None, log_plots=False, log_profile=False, log_data=False, silent=False, verbose=True, profile=False, profile_kwargs=None, display=None)
2022-03-01 22:03:40,746:INFO:Checking environment
2022-03-01 22:03:40,747:INFO:python_version: 3.8.10
2022-03-01 22:03:40,747:INFO:python_build: ('default', 'Nov 26 2021 20:14:08')
2022-03-01 22:03:40,747:INFO:machine: x86_64
2022-03-01 22:03:40,747:INFO:platform: Linux-5.4.0-74-generic-x86_64-with-glibc2.29
2022-03-01 22:03:40,747:INFO:Memory: svmem(total=8216825856, available=4580196352, percent=44.3, used=3138011136, free=2170212352, active=4423757824, inactive=1130614784, buffers=186220544, cached=2722381824, shared=210038784, slab=247107584)
2022-03-01 22:03:40,766:INFO:Physical Core: 2
2022-03-01 22:03:40,767:INFO:Logical Core: 4
2022-03-01 22:03:40,767:INFO:Checking libraries
2022-03-01 22:03:40,767:INFO:pd==1.3.5
2022-03-01 22:03:40,767:INFO:numpy==1.19.5
2022-03-01 22:03:40,767:INFO:sklearn==0.23.2
2022-03-01 22:03:40,767:INFO:lightgbm==3.3.2
2022-03-01 22:03:40,767:WARNING:catboost not found
2022-03-01 22:03:40,767:WARNING:xgboost not found
2022-03-01 22:03:41,147:INFO:mlflow==1.22.0
2022-03-01 22:03:41,148:INFO:Checking Exceptions
2022-03-01 22:03:41,149:INFO:Declaring global variables
2022-03-01 22:03:41,149:INFO:USI: f56c
2022-03-01 22:03:41,149:INFO:pycaret_globals: {'_available_plots', 'y', 'y_test', '_all_models', 'fold_shuffle_param', 'USI', '_gpu_n_jobs_param', '_all_models_internal', 'target_param', 'fix_imbalance_method_param', 'fold_groups_param', 'create_model_container', 'fold_groups_param_full', 'n_jobs_param', 'fold_param', 'master_model_container', 'transform_target_method_param', 'html_param', 'X_train', 'fix_imbalance_param', 'display_container', 'stratify_param', '_ml_usecase', 'transform_target_param', 'experiment__', 'exp_name_log', 'X_test', 'y_train', 'seed', 'X', '_all_metrics', 'iterative_imputation_iters_param', 'gpu_param', 'imputation_regressor', 'fold_generator', 'data_before_preprocess', 'pycaret_globals', 'imputation_classifier', '_internal_pipeline', 'prep_pipe', 'log_plots_param', 'logging_param'}
2022-03-01 22:03:41,149:INFO:Preparing display monitor
2022-03-01 22:03:41,149:INFO:Preparing display monitor
2022-03-01 22:03:41,183:INFO:Importing libraries
2022-03-01 22:03:41,183:INFO:Copying data for preprocessing
2022-03-01 22:03:41,194:INFO:Declaring preprocessing parameters
2022-03-01 22:03:41,196:INFO:Creating preprocessing pipeline
2022-03-01 22:03:41,210:INFO:Preprocessing pipeline created successfully
2022-03-01 22:03:41,210:ERROR:(Process Exit): setup has been interupted with user command 'quit'. setup must rerun.
2022-03-01 22:03:41,210:INFO:Creating global containers
2022-03-01 22:03:41,211:INFO:Internal pipeline: Pipeline(memory=None, steps=[('empty_step', 'passthrough')], verbose=False)
2022-03-01 22:03:50,038:WARNING:Couldn't import xgboost.XGBClassifier
2022-03-01 22:03:50,038:WARNING:Couldn't import catboost.CatBoostClassifier
2022-03-01 22:03:50,108:WARNING:Couldn't import xgboost.XGBClassifier
2022-03-01 22:03:50,109:WARNING:Couldn't import catboost.CatBoostClassifier
2022-03-01 22:03:50,109:INFO:Creating grid variables
2022-03-01 22:03:50,125:INFO:create_model_container: 0
2022-03-01 22:03:50,126:INFO:master_model_container: 0
2022-03-01 22:03:50,126:INFO:display_container: 1
2022-03-01 22:03:50,136:INFO:Pipeline(memory=None,
         steps=[('dtypes',
                 DataTypes_Auto_infer(categorical_features=[],
                                      display_types=True, features_todrop=[],
                                      id_columns=[],
                                      ml_usecase='classification',
                                      numerical_features=[],
                                      target='evolucaoCaso',
                                      time_features=[])),
                ('imputer',
                 Simple_Imputer(categorical_strategy='not_available',
                                fill_value_categorical=None,
                                fill_value_numerical=None,
                                numeric...
                ('scaling', 'passthrough'), ('P_transform', 'passthrough'),
                ('binn', 'passthrough'), ('rem_outliers', 'passthrough'),
                ('cluster_all', 'passthrough'),
                ('dummy', Dummify(target='evolucaoCaso')),
                ('fix_perfect', Remove_100(target='evolucaoCaso')),
                ('clean_names', Clean_Colum_Names()),
                ('feature_select', 'passthrough'), ('fix_multi', 'passthrough'),
                ('dfs', 'passthrough'), ('pca', 'passthrough')],
         verbose=False)
2022-03-01 22:03:50,137:INFO:setup() succesfully completed......................................
2022-03-01 22:03:55,906:INFO:Initializing get_config()
2022-03-01 22:03:55,907:INFO:get_config(variable=X)
2022-03-01 22:03:55,929:INFO:Global variable: X returned as      sexo_1  racaCor_0  racaCor_1  racaCor_2  racaCor_3  assintomatico_0  \
0       1.0        0.0        0.0        0.0        1.0              1.0   
1       1.0        1.0        0.0        0.0        0.0              1.0   
2       1.0        1.0        0.0        0.0        0.0              1.0   
3       1.0        1.0        0.0        0.0        0.0              1.0   
4       0.0        1.0        0.0        0.0        0.0              1.0   
..      ...        ...        ...        ...        ...              ...   
922     0.0        1.0        0.0        0.0        0.0              1.0   
923     1.0        0.0        0.0        0.0        1.0              1.0   
924     1.0        0.0        0.0        0.0        1.0              1.0   
925     0.0        0.0        0.0        0.0        1.0              1.0   
926     1.0        1.0        0.0        0.0        0.0              1.0   

     febre_0  dorDeGarganta_0  dispneia_0  tosse_0  ...  cardiaca_1  \
0        1.0              0.0         1.0      0.0  ...         1.0   
1        1.0              1.0         0.0      1.0  ...         0.0   
2        0.0              0.0         0.0      1.0  ...         0.0   
3        0.0              1.0         1.0      0.0  ...         1.0   
4        1.0              1.0         1.0      1.0  ...         1.0   
..       ...              ...         ...      ...  ...         ...   
922      1.0              0.0         1.0      0.0  ...         0.0   
923      1.0              1.0         1.0      1.0  ...         0.0   
924      0.0              1.0         1.0      0.0  ...         0.0   
925      1.0              0.0         1.0      0.0  ...         0.0   
926      0.0              1.0         0.0      1.0  ...         0.0   

     puerpera_0  faixaetaria_0  faixaetaria_1  faixaetaria_2  faixaetaria_3  \
0           1.0            0.0            0.0            0.0            0.0   
1           1.0            0.0            0.0            0.0            0.0   
2           1.0            0.0            0.0            0.0            0.0   
3           1.0            0.0            0.0            0.0            0.0   
4           1.0            0.0            0.0            0.0            0.0   
..          ...            ...            ...            ...            ...   
922         1.0            0.0            0.0            0.0            0.0   
923         1.0            0.0            0.0            1.0            0.0   
924         1.0            0.0            0.0            0.0            1.0   
925         1.0            0.0            0.0            1.0            0.0   
926         1.0            0.0            0.0            0.0            0.0   

     faixaetaria_4  faixaetaria_5  faixaetaria_6  faixaetaria_7  
0              0.0            0.0            1.0            0.0  
1              0.0            0.0            1.0            0.0  
2              0.0            1.0            0.0            0.0  
3              0.0            0.0            1.0            0.0  
4              0.0            0.0            1.0            0.0  
..             ...            ...            ...            ...  
922            1.0            0.0            0.0            0.0  
923            0.0            0.0            0.0            0.0  
924            0.0            0.0            0.0            0.0  
925            0.0            0.0            0.0            0.0  
926            1.0            0.0            0.0            0.0  

[927 rows x 31 columns]
2022-03-01 22:03:55,929:INFO:get_config() succesfully completed......................................
2022-03-01 22:04:13,136:INFO:Initializing compare_models()
2022-03-01 22:04:13,136:INFO:compare_models(include=None, fold=None, round=4, cross_validation=True, sort=Accuracy, n_select=20, budget_time=None, turbo=True, errors=ignore, fit_kwargs=None, groups=None, probability_threshold=None, verbose=True, display=None, exclude=None)
2022-03-01 22:04:13,136:INFO:Checking exceptions
2022-03-01 22:04:13,138:INFO:Preparing display monitor
2022-03-01 22:04:13,138:INFO:Preparing display monitor
2022-03-01 22:04:13,177:INFO:Initializing Logistic Regression
2022-03-01 22:04:13,177:INFO:Total runtime is 2.3484230041503905e-06 minutes
2022-03-01 22:04:13,186:INFO:SubProcess create_model() called ==================================
2022-03-01 22:04:13,187:INFO:Initializing create_model()
2022-03-01 22:04:13,187:INFO:create_model(estimator=lr, fold=StratifiedKFold(n_splits=10, random_state=None, shuffle=False), round=4, cross_validation=True, predict=True, fit_kwargs={}, groups=None, refit=False, verbose=False, system=False, metrics=None, add_to_model_list=True, probability_threshold=None, display=<pycaret.internal.Display.Display object at 0x7fb5b3d53400>, kwargs={})
2022-03-01 22:04:13,187:INFO:Checking exceptions
2022-03-01 22:04:13,187:INFO:Importing libraries
2022-03-01 22:04:13,187:INFO:Copying training dataset
2022-03-01 22:04:13,188:INFO:Defining folds
2022-03-01 22:04:13,188:INFO:Declaring metric variables
2022-03-01 22:04:13,207:INFO:Importing untrained model
2022-03-01 22:04:13,230:INFO:Logistic Regression Imported succesfully
2022-03-01 22:04:13,253:INFO:Starting cross validation
2022-03-01 22:04:13,254:INFO:Cross validating with StratifiedKFold(n_splits=10, random_state=None, shuffle=False), n_jobs=-1
2022-03-01 22:04:17,369:INFO:Calculating mean and std
2022-03-01 22:04:17,370:INFO:Creating metrics dataframe
2022-03-01 22:04:17,377:INFO:Uploading results into container
2022-03-01 22:04:17,377:INFO:Uploading model into container now
2022-03-01 22:04:17,377:INFO:create_model_container: 1
2022-03-01 22:04:17,377:INFO:master_model_container: 1
2022-03-01 22:04:17,377:INFO:display_container: 2
2022-03-01 22:04:17,378:INFO:LogisticRegression(C=1.0, class_weight=None, dual=False, fit_intercept=True,
                   intercept_scaling=1, l1_ratio=None, max_iter=1000,
                   multi_class='auto', n_jobs=None, penalty='l2',
                   random_state=8702, solver='lbfgs', tol=0.0001, verbose=0,
                   warm_start=False)
2022-03-01 22:04:17,378:INFO:create_model() succesfully completed......................................
2022-03-01 22:04:17,471:INFO:SubProcess create_model() end ==================================
2022-03-01 22:04:17,472:INFO:Creating metrics dataframe
2022-03-01 22:04:17,494:INFO:Initializing K Neighbors Classifier
2022-03-01 22:04:17,494:INFO:Total runtime is 0.07195732990900675 minutes
2022-03-01 22:04:17,506:INFO:SubProcess create_model() called ==================================
2022-03-01 22:04:17,506:INFO:Initializing create_model()
2022-03-01 22:04:17,506:INFO:create_model(estimator=knn, fold=StratifiedKFold(n_splits=10, random_state=None, shuffle=False), round=4, cross_validation=True, predict=True, fit_kwargs={}, groups=None, refit=False, verbose=False, system=False, metrics=None, add_to_model_list=True, probability_threshold=None, display=<pycaret.internal.Display.Display object at 0x7fb5b3d53400>, kwargs={})
2022-03-01 22:04:17,507:INFO:Checking exceptions
2022-03-01 22:04:17,507:INFO:Importing libraries
2022-03-01 22:04:17,507:INFO:Copying training dataset
2022-03-01 22:04:17,508:INFO:Defining folds
2022-03-01 22:04:17,508:INFO:Declaring metric variables
2022-03-01 22:04:17,517:INFO:Importing untrained model
2022-03-01 22:04:17,533:INFO:K Neighbors Classifier Imported succesfully
2022-03-01 22:04:17,561:INFO:Starting cross validation
2022-03-01 22:04:17,561:INFO:Cross validating with StratifiedKFold(n_splits=10, random_state=None, shuffle=False), n_jobs=-1
2022-03-01 22:04:17,762:INFO:Calculating mean and std
2022-03-01 22:04:17,763:INFO:Creating metrics dataframe
2022-03-01 22:04:17,767:INFO:Uploading results into container
2022-03-01 22:04:17,768:INFO:Uploading model into container now
2022-03-01 22:04:17,768:INFO:create_model_container: 2
2022-03-01 22:04:17,768:INFO:master_model_container: 2
2022-03-01 22:04:17,768:INFO:display_container: 2
2022-03-01 22:04:17,768:INFO:KNeighborsClassifier(algorithm='auto', leaf_size=30, metric='minkowski',
                     metric_params=None, n_jobs=-1, n_neighbors=5, p=2,
                     weights='uniform')
2022-03-01 22:04:17,768:INFO:create_model() succesfully completed......................................
2022-03-01 22:04:17,838:INFO:SubProcess create_model() end ==================================
2022-03-01 22:04:17,838:INFO:Creating metrics dataframe
2022-03-01 22:04:17,872:INFO:Initializing Naive Bayes
2022-03-01 22:04:17,872:INFO:Total runtime is 0.07825222015380859 minutes
2022-03-01 22:04:17,891:INFO:SubProcess create_model() called ==================================
2022-03-01 22:04:17,891:INFO:Initializing create_model()
2022-03-01 22:04:17,892:INFO:create_model(estimator=nb, fold=StratifiedKFold(n_splits=10, random_state=None, shuffle=False), round=4, cross_validation=True, predict=True, fit_kwargs={}, groups=None, refit=False, verbose=False, system=False, metrics=None, add_to_model_list=True, probability_threshold=None, display=<pycaret.internal.Display.Display object at 0x7fb5b3d53400>, kwargs={})
2022-03-01 22:04:17,892:INFO:Checking exceptions
2022-03-01 22:04:17,892:INFO:Importing libraries
2022-03-01 22:04:17,892:INFO:Copying training dataset
2022-03-01 22:04:17,893:INFO:Defining folds
2022-03-01 22:04:17,893:INFO:Declaring metric variables
2022-03-01 22:04:17,904:INFO:Importing untrained model
2022-03-01 22:04:17,915:INFO:Naive Bayes Imported succesfully
2022-03-01 22:04:17,960:INFO:Starting cross validation
2022-03-01 22:04:17,961:INFO:Cross validating with StratifiedKFold(n_splits=10, random_state=None, shuffle=False), n_jobs=-1
2022-03-01 22:04:18,060:INFO:Calculating mean and std
2022-03-01 22:04:18,061:INFO:Creating metrics dataframe
2022-03-01 22:04:18,067:INFO:Uploading results into container
2022-03-01 22:04:18,067:INFO:Uploading model into container now
2022-03-01 22:04:18,067:INFO:create_model_container: 3
2022-03-01 22:04:18,067:INFO:master_model_container: 3
2022-03-01 22:04:18,067:INFO:display_container: 2
2022-03-01 22:04:18,067:INFO:GaussianNB(priors=None, var_smoothing=1e-09)
2022-03-01 22:04:18,067:INFO:create_model() succesfully completed......................................
2022-03-01 22:04:18,157:INFO:SubProcess create_model() end ==================================
2022-03-01 22:04:18,157:INFO:Creating metrics dataframe
2022-03-01 22:04:18,183:INFO:Initializing Decision Tree Classifier
2022-03-01 22:04:18,183:INFO:Total runtime is 0.08343269030253092 minutes
2022-03-01 22:04:18,193:INFO:SubProcess create_model() called ==================================
2022-03-01 22:04:18,194:INFO:Initializing create_model()
2022-03-01 22:04:18,194:INFO:create_model(estimator=dt, fold=StratifiedKFold(n_splits=10, random_state=None, shuffle=False), round=4, cross_validation=True, predict=True, fit_kwargs={}, groups=None, refit=False, verbose=False, system=False, metrics=None, add_to_model_list=True, probability_threshold=None, display=<pycaret.internal.Display.Display object at 0x7fb5b3d53400>, kwargs={})
2022-03-01 22:04:18,194:INFO:Checking exceptions
2022-03-01 22:04:18,194:INFO:Importing libraries
2022-03-01 22:04:18,194:INFO:Copying training dataset
2022-03-01 22:04:18,195:INFO:Defining folds
2022-03-01 22:04:18,195:INFO:Declaring metric variables
2022-03-01 22:04:18,204:INFO:Importing untrained model
2022-03-01 22:04:18,215:INFO:Decision Tree Classifier Imported succesfully
2022-03-01 22:04:18,247:INFO:Starting cross validation
2022-03-01 22:04:18,249:INFO:Cross validating with StratifiedKFold(n_splits=10, random_state=None, shuffle=False), n_jobs=-1
2022-03-01 22:04:18,360:INFO:Calculating mean and std
2022-03-01 22:04:18,361:INFO:Creating metrics dataframe
2022-03-01 22:04:18,367:INFO:Uploading results into container
2022-03-01 22:04:18,367:INFO:Uploading model into container now
2022-03-01 22:04:18,368:INFO:create_model_container: 4
2022-03-01 22:04:18,368:INFO:master_model_container: 4
2022-03-01 22:04:18,368:INFO:display_container: 2
2022-03-01 22:04:18,368:INFO:DecisionTreeClassifier(ccp_alpha=0.0, class_weight=None, criterion='gini',
                       max_depth=None, max_features=None, max_leaf_nodes=None,
                       min_impurity_decrease=0.0, min_impurity_split=None,
                       min_samples_leaf=1, min_samples_split=2,
                       min_weight_fraction_leaf=0.0, presort='deprecated',
                       random_state=8702, splitter='best')
2022-03-01 22:04:18,368:INFO:create_model() succesfully completed......................................
2022-03-01 22:04:18,456:INFO:SubProcess create_model() end ==================================
2022-03-01 22:04:18,457:INFO:Creating metrics dataframe
2022-03-01 22:04:18,486:INFO:Initializing SVM - Linear Kernel
2022-03-01 22:04:18,487:INFO:Total runtime is 0.08849809964497883 minutes
2022-03-01 22:04:18,500:INFO:SubProcess create_model() called ==================================
2022-03-01 22:04:18,500:INFO:Initializing create_model()
2022-03-01 22:04:18,500:INFO:create_model(estimator=svm, fold=StratifiedKFold(n_splits=10, random_state=None, shuffle=False), round=4, cross_validation=True, predict=True, fit_kwargs={}, groups=None, refit=False, verbose=False, system=False, metrics=None, add_to_model_list=True, probability_threshold=None, display=<pycaret.internal.Display.Display object at 0x7fb5b3d53400>, kwargs={})
2022-03-01 22:04:18,500:INFO:Checking exceptions
2022-03-01 22:04:18,500:INFO:Importing libraries
2022-03-01 22:04:18,500:INFO:Copying training dataset
2022-03-01 22:04:18,501:INFO:Defining folds
2022-03-01 22:04:18,501:INFO:Declaring metric variables
2022-03-01 22:04:18,510:INFO:Importing untrained model
2022-03-01 22:04:18,518:INFO:SVM - Linear Kernel Imported succesfully
2022-03-01 22:04:18,546:INFO:Starting cross validation
2022-03-01 22:04:18,547:INFO:Cross validating with StratifiedKFold(n_splits=10, random_state=None, shuffle=False), n_jobs=-1
2022-03-01 22:04:18,658:INFO:Calculating mean and std
2022-03-01 22:04:18,658:INFO:Creating metrics dataframe
2022-03-01 22:04:18,662:INFO:Uploading results into container
2022-03-01 22:04:18,662:INFO:Uploading model into container now
2022-03-01 22:04:18,663:INFO:create_model_container: 5
2022-03-01 22:04:18,663:INFO:master_model_container: 5
2022-03-01 22:04:18,663:INFO:display_container: 2
2022-03-01 22:04:18,663:INFO:SGDClassifier(alpha=0.0001, average=False, class_weight=None,
              early_stopping=False, epsilon=0.1, eta0=0.001, fit_intercept=True,
              l1_ratio=0.15, learning_rate='optimal', loss='hinge',
              max_iter=1000, n_iter_no_change=5, n_jobs=-1, penalty='l2',
              power_t=0.5, random_state=8702, shuffle=True, tol=0.001,
              validation_fraction=0.1, verbose=0, warm_start=False)
2022-03-01 22:04:18,663:INFO:create_model() succesfully completed......................................
2022-03-01 22:04:18,733:INFO:SubProcess create_model() end ==================================
2022-03-01 22:04:18,733:INFO:Creating metrics dataframe
2022-03-01 22:04:18,767:INFO:Initializing Ridge Classifier
2022-03-01 22:04:18,767:INFO:Total runtime is 0.09317644039789835 minutes
2022-03-01 22:04:18,784:INFO:SubProcess create_model() called ==================================
2022-03-01 22:04:18,785:INFO:Initializing create_model()
2022-03-01 22:04:18,785:INFO:create_model(estimator=ridge, fold=StratifiedKFold(n_splits=10, random_state=None, shuffle=False), round=4, cross_validation=True, predict=True, fit_kwargs={}, groups=None, refit=False, verbose=False, system=False, metrics=None, add_to_model_list=True, probability_threshold=None, display=<pycaret.internal.Display.Display object at 0x7fb5b3d53400>, kwargs={})
2022-03-01 22:04:18,785:INFO:Checking exceptions
2022-03-01 22:04:18,785:INFO:Importing libraries
2022-03-01 22:04:18,785:INFO:Copying training dataset
2022-03-01 22:04:18,786:INFO:Defining folds
2022-03-01 22:04:18,786:INFO:Declaring metric variables
2022-03-01 22:04:18,795:INFO:Importing untrained model
2022-03-01 22:04:18,804:INFO:Ridge Classifier Imported succesfully
2022-03-01 22:04:18,825:INFO:Starting cross validation
2022-03-01 22:04:18,826:INFO:Cross validating with StratifiedKFold(n_splits=10, random_state=None, shuffle=False), n_jobs=-1
2022-03-01 22:04:18,938:INFO:Calculating mean and std
2022-03-01 22:04:18,939:INFO:Creating metrics dataframe
2022-03-01 22:04:18,944:INFO:Uploading results into container
2022-03-01 22:04:18,944:INFO:Uploading model into container now
2022-03-01 22:04:18,944:INFO:create_model_container: 6
2022-03-01 22:04:18,944:INFO:master_model_container: 6
2022-03-01 22:04:18,944:INFO:display_container: 2
2022-03-01 22:04:18,944:INFO:RidgeClassifier(alpha=1.0, class_weight=None, copy_X=True, fit_intercept=True,
                max_iter=None, normalize=False, random_state=8702,
                solver='auto', tol=0.001)
2022-03-01 22:04:18,944:INFO:create_model() succesfully completed......................................
2022-03-01 22:04:19,018:INFO:SubProcess create_model() end ==================================
2022-03-01 22:04:19,018:INFO:Creating metrics dataframe
2022-03-01 22:04:19,060:INFO:Initializing Random Forest Classifier
2022-03-01 22:04:19,060:INFO:Total runtime is 0.09805478652318318 minutes
2022-03-01 22:04:19,071:INFO:SubProcess create_model() called ==================================
2022-03-01 22:04:19,071:INFO:Initializing create_model()
2022-03-01 22:04:19,071:INFO:create_model(estimator=rf, fold=StratifiedKFold(n_splits=10, random_state=None, shuffle=False), round=4, cross_validation=True, predict=True, fit_kwargs={}, groups=None, refit=False, verbose=False, system=False, metrics=None, add_to_model_list=True, probability_threshold=None, display=<pycaret.internal.Display.Display object at 0x7fb5b3d53400>, kwargs={})
2022-03-01 22:04:19,071:INFO:Checking exceptions
2022-03-01 22:04:19,072:INFO:Importing libraries
2022-03-01 22:04:19,072:INFO:Copying training dataset
2022-03-01 22:04:19,073:INFO:Defining folds
2022-03-01 22:04:19,073:INFO:Declaring metric variables
2022-03-01 22:04:19,084:INFO:Importing untrained model
2022-03-01 22:04:19,094:INFO:Random Forest Classifier Imported succesfully
2022-03-01 22:04:19,135:INFO:Starting cross validation
2022-03-01 22:04:19,136:INFO:Cross validating with StratifiedKFold(n_splits=10, random_state=None, shuffle=False), n_jobs=-1
2022-03-01 22:04:20,648:INFO:Calculating mean and std
2022-03-01 22:04:20,648:INFO:Creating metrics dataframe
2022-03-01 22:04:20,654:INFO:Uploading results into container
2022-03-01 22:04:20,654:INFO:Uploading model into container now
2022-03-01 22:04:20,654:INFO:create_model_container: 7
2022-03-01 22:04:20,654:INFO:master_model_container: 7
2022-03-01 22:04:20,654:INFO:display_container: 2
2022-03-01 22:04:20,655:INFO:RandomForestClassifier(bootstrap=True, ccp_alpha=0.0, class_weight=None,
                       criterion='gini', max_depth=None, max_features='auto',
                       max_leaf_nodes=None, max_samples=None,
                       min_impurity_decrease=0.0, min_impurity_split=None,
                       min_samples_leaf=1, min_samples_split=2,
                       min_weight_fraction_leaf=0.0, n_estimators=100,
                       n_jobs=-1, oob_score=False, random_state=8702, verbose=0,
                       warm_start=False)
2022-03-01 22:04:20,656:INFO:create_model() succesfully completed......................................
2022-03-01 22:04:20,742:INFO:SubProcess create_model() end ==================================
2022-03-01 22:04:20,742:INFO:Creating metrics dataframe
2022-03-01 22:04:20,767:INFO:Initializing Quadratic Discriminant Analysis
2022-03-01 22:04:20,768:INFO:Total runtime is 0.1265130837758382 minutes
2022-03-01 22:04:20,779:INFO:SubProcess create_model() called ==================================
2022-03-01 22:04:20,779:INFO:Initializing create_model()
2022-03-01 22:04:20,779:INFO:create_model(estimator=qda, fold=StratifiedKFold(n_splits=10, random_state=None, shuffle=False), round=4, cross_validation=True, predict=True, fit_kwargs={}, groups=None, refit=False, verbose=False, system=False, metrics=None, add_to_model_list=True, probability_threshold=None, display=<pycaret.internal.Display.Display object at 0x7fb5b3d53400>, kwargs={})
2022-03-01 22:04:20,779:INFO:Checking exceptions
2022-03-01 22:04:20,779:INFO:Importing libraries
2022-03-01 22:04:20,779:INFO:Copying training dataset
2022-03-01 22:04:20,781:INFO:Defining folds
2022-03-01 22:04:20,781:INFO:Declaring metric variables
2022-03-01 22:04:20,793:INFO:Importing untrained model
2022-03-01 22:04:20,805:INFO:Quadratic Discriminant Analysis Imported succesfully
2022-03-01 22:04:20,847:INFO:Starting cross validation
2022-03-01 22:04:20,848:INFO:Cross validating with StratifiedKFold(n_splits=10, random_state=None, shuffle=False), n_jobs=-1
2022-03-01 22:04:20,982:INFO:Calculating mean and std
2022-03-01 22:04:20,983:INFO:Creating metrics dataframe
2022-03-01 22:04:20,987:INFO:Uploading results into container
2022-03-01 22:04:20,988:INFO:Uploading model into container now
2022-03-01 22:04:20,988:INFO:create_model_container: 8
2022-03-01 22:04:20,988:INFO:master_model_container: 8
2022-03-01 22:04:20,988:INFO:display_container: 2
2022-03-01 22:04:20,988:INFO:QuadraticDiscriminantAnalysis(priors=None, reg_param=0.0,
                              store_covariance=False, tol=0.0001)
2022-03-01 22:04:20,988:INFO:create_model() succesfully completed......................................
2022-03-01 22:04:21,058:INFO:SubProcess create_model() end ==================================
2022-03-01 22:04:21,059:INFO:Creating metrics dataframe
2022-03-01 22:04:21,090:INFO:Initializing Ada Boost Classifier
2022-03-01 22:04:21,091:INFO:Total runtime is 0.13190170923868813 minutes
2022-03-01 22:04:21,109:INFO:SubProcess create_model() called ==================================
2022-03-01 22:04:21,110:INFO:Initializing create_model()
2022-03-01 22:04:21,110:INFO:create_model(estimator=ada, fold=StratifiedKFold(n_splits=10, random_state=None, shuffle=False), round=4, cross_validation=True, predict=True, fit_kwargs={}, groups=None, refit=False, verbose=False, system=False, metrics=None, add_to_model_list=True, probability_threshold=None, display=<pycaret.internal.Display.Display object at 0x7fb5b3d53400>, kwargs={})
2022-03-01 22:04:21,110:INFO:Checking exceptions
2022-03-01 22:04:21,110:INFO:Importing libraries
2022-03-01 22:04:21,110:INFO:Copying training dataset
2022-03-01 22:04:21,111:INFO:Defining folds
2022-03-01 22:04:21,111:INFO:Declaring metric variables
2022-03-01 22:04:21,120:INFO:Importing untrained model
2022-03-01 22:04:21,128:INFO:Ada Boost Classifier Imported succesfully
2022-03-01 22:04:21,147:INFO:Starting cross validation
2022-03-01 22:04:21,148:INFO:Cross validating with StratifiedKFold(n_splits=10, random_state=None, shuffle=False), n_jobs=-1
2022-03-01 22:04:21,684:INFO:Calculating mean and std
2022-03-01 22:04:21,685:INFO:Creating metrics dataframe
2022-03-01 22:04:21,689:INFO:Uploading results into container
2022-03-01 22:04:21,689:INFO:Uploading model into container now
2022-03-01 22:04:21,689:INFO:create_model_container: 9
2022-03-01 22:04:21,689:INFO:master_model_container: 9
2022-03-01 22:04:21,690:INFO:display_container: 2
2022-03-01 22:04:21,690:INFO:AdaBoostClassifier(algorithm='SAMME.R', base_estimator=None, learning_rate=1.0,
                   n_estimators=50, random_state=8702)
2022-03-01 22:04:21,690:INFO:create_model() succesfully completed......................................
2022-03-01 22:04:21,760:INFO:SubProcess create_model() end ==================================
2022-03-01 22:04:21,760:INFO:Creating metrics dataframe
2022-03-01 22:04:21,803:INFO:Initializing Gradient Boosting Classifier
2022-03-01 22:04:21,803:INFO:Total runtime is 0.14377166430155433 minutes
2022-03-01 22:04:21,815:INFO:SubProcess create_model() called ==================================
2022-03-01 22:04:21,816:INFO:Initializing create_model()
2022-03-01 22:04:21,816:INFO:create_model(estimator=gbc, fold=StratifiedKFold(n_splits=10, random_state=None, shuffle=False), round=4, cross_validation=True, predict=True, fit_kwargs={}, groups=None, refit=False, verbose=False, system=False, metrics=None, add_to_model_list=True, probability_threshold=None, display=<pycaret.internal.Display.Display object at 0x7fb5b3d53400>, kwargs={})
2022-03-01 22:04:21,816:INFO:Checking exceptions
2022-03-01 22:04:21,816:INFO:Importing libraries
2022-03-01 22:04:21,816:INFO:Copying training dataset
2022-03-01 22:04:21,817:INFO:Defining folds
2022-03-01 22:04:21,817:INFO:Declaring metric variables
2022-03-01 22:04:21,826:INFO:Importing untrained model
2022-03-01 22:04:21,835:INFO:Gradient Boosting Classifier Imported succesfully
2022-03-01 22:04:21,868:INFO:Starting cross validation
2022-03-01 22:04:21,869:INFO:Cross validating with StratifiedKFold(n_splits=10, random_state=None, shuffle=False), n_jobs=-1
2022-03-01 22:04:22,374:INFO:Calculating mean and std
2022-03-01 22:04:22,375:INFO:Creating metrics dataframe
2022-03-01 22:04:22,386:INFO:Uploading results into container
2022-03-01 22:04:22,386:INFO:Uploading model into container now
2022-03-01 22:04:22,386:INFO:create_model_container: 10
2022-03-01 22:04:22,386:INFO:master_model_container: 10
2022-03-01 22:04:22,386:INFO:display_container: 2
2022-03-01 22:04:22,387:INFO:GradientBoostingClassifier(ccp_alpha=0.0, criterion='friedman_mse', init=None,
                           learning_rate=0.1, loss='deviance', max_depth=3,
                           max_features=None, max_leaf_nodes=None,
                           min_impurity_decrease=0.0, min_impurity_split=None,
                           min_samples_leaf=1, min_samples_split=2,
                           min_weight_fraction_leaf=0.0, n_estimators=100,
                           n_iter_no_change=None, presort='deprecated',
                           random_state=8702, subsample=1.0, tol=0.0001,
                           validation_fraction=0.1, verbose=0,
                           warm_start=False)
2022-03-01 22:04:22,387:INFO:create_model() succesfully completed......................................
2022-03-01 22:04:22,496:INFO:SubProcess create_model() end ==================================
2022-03-01 22:04:22,496:INFO:Creating metrics dataframe
2022-03-01 22:04:22,524:INFO:Initializing Linear Discriminant Analysis
2022-03-01 22:04:22,524:INFO:Total runtime is 0.15579369862874345 minutes
2022-03-01 22:04:22,537:INFO:SubProcess create_model() called ==================================
2022-03-01 22:04:22,537:INFO:Initializing create_model()
2022-03-01 22:04:22,537:INFO:create_model(estimator=lda, fold=StratifiedKFold(n_splits=10, random_state=None, shuffle=False), round=4, cross_validation=True, predict=True, fit_kwargs={}, groups=None, refit=False, verbose=False, system=False, metrics=None, add_to_model_list=True, probability_threshold=None, display=<pycaret.internal.Display.Display object at 0x7fb5b3d53400>, kwargs={})
2022-03-01 22:04:22,537:INFO:Checking exceptions
2022-03-01 22:04:22,537:INFO:Importing libraries
2022-03-01 22:04:22,537:INFO:Copying training dataset
2022-03-01 22:04:22,538:INFO:Defining folds
2022-03-01 22:04:22,539:INFO:Declaring metric variables
2022-03-01 22:04:22,548:INFO:Importing untrained model
2022-03-01 22:04:22,559:INFO:Linear Discriminant Analysis Imported succesfully
2022-03-01 22:04:22,591:INFO:Starting cross validation
2022-03-01 22:04:22,592:INFO:Cross validating with StratifiedKFold(n_splits=10, random_state=None, shuffle=False), n_jobs=-1
2022-03-01 22:04:22,698:INFO:Calculating mean and std
2022-03-01 22:04:22,699:INFO:Creating metrics dataframe
2022-03-01 22:04:22,705:INFO:Uploading results into container
2022-03-01 22:04:22,705:INFO:Uploading model into container now
2022-03-01 22:04:22,705:INFO:create_model_container: 11
2022-03-01 22:04:22,705:INFO:master_model_container: 11
2022-03-01 22:04:22,705:INFO:display_container: 2
2022-03-01 22:04:22,706:INFO:LinearDiscriminantAnalysis(n_components=None, priors=None, shrinkage=None,
                           solver='svd', store_covariance=False, tol=0.0001)
2022-03-01 22:04:22,706:INFO:create_model() succesfully completed......................................
2022-03-01 22:04:22,793:INFO:SubProcess create_model() end ==================================
2022-03-01 22:04:22,793:INFO:Creating metrics dataframe
2022-03-01 22:04:22,820:INFO:Initializing Extra Trees Classifier
2022-03-01 22:04:22,820:INFO:Total runtime is 0.16071764628092444 minutes
2022-03-01 22:04:22,830:INFO:SubProcess create_model() called ==================================
2022-03-01 22:04:22,831:INFO:Initializing create_model()
2022-03-01 22:04:22,831:INFO:create_model(estimator=et, fold=StratifiedKFold(n_splits=10, random_state=None, shuffle=False), round=4, cross_validation=True, predict=True, fit_kwargs={}, groups=None, refit=False, verbose=False, system=False, metrics=None, add_to_model_list=True, probability_threshold=None, display=<pycaret.internal.Display.Display object at 0x7fb5b3d53400>, kwargs={})
2022-03-01 22:04:22,831:INFO:Checking exceptions
2022-03-01 22:04:22,831:INFO:Importing libraries
2022-03-01 22:04:22,831:INFO:Copying training dataset
2022-03-01 22:04:22,832:INFO:Defining folds
2022-03-01 22:04:22,833:INFO:Declaring metric variables
2022-03-01 22:04:22,842:INFO:Importing untrained model
2022-03-01 22:04:22,855:INFO:Extra Trees Classifier Imported succesfully
2022-03-01 22:04:22,890:INFO:Starting cross validation
2022-03-01 22:04:22,891:INFO:Cross validating with StratifiedKFold(n_splits=10, random_state=None, shuffle=False), n_jobs=-1
2022-03-01 22:04:24,106:INFO:Calculating mean and std
2022-03-01 22:04:24,107:INFO:Creating metrics dataframe
2022-03-01 22:04:24,111:INFO:Uploading results into container
2022-03-01 22:04:24,112:INFO:Uploading model into container now
2022-03-01 22:04:24,112:INFO:create_model_container: 12
2022-03-01 22:04:24,112:INFO:master_model_container: 12
2022-03-01 22:04:24,112:INFO:display_container: 2
2022-03-01 22:04:24,113:INFO:ExtraTreesClassifier(bootstrap=False, ccp_alpha=0.0, class_weight=None,
                     criterion='gini', max_depth=None, max_features='auto',
                     max_leaf_nodes=None, max_samples=None,
                     min_impurity_decrease=0.0, min_impurity_split=None,
                     min_samples_leaf=1, min_samples_split=2,
                     min_weight_fraction_leaf=0.0, n_estimators=100, n_jobs=-1,
                     oob_score=False, random_state=8702, verbose=0,
                     warm_start=False)
2022-03-01 22:04:24,113:INFO:create_model() succesfully completed......................................
2022-03-01 22:04:24,190:INFO:SubProcess create_model() end ==================================
2022-03-01 22:04:24,190:INFO:Creating metrics dataframe
2022-03-01 22:04:24,226:INFO:Initializing Light Gradient Boosting Machine
2022-03-01 22:04:24,226:INFO:Total runtime is 0.1841518958409627 minutes
2022-03-01 22:04:24,237:INFO:SubProcess create_model() called ==================================
2022-03-01 22:04:24,237:INFO:Initializing create_model()
2022-03-01 22:04:24,237:INFO:create_model(estimator=lightgbm, fold=StratifiedKFold(n_splits=10, random_state=None, shuffle=False), round=4, cross_validation=True, predict=True, fit_kwargs={}, groups=None, refit=False, verbose=False, system=False, metrics=None, add_to_model_list=True, probability_threshold=None, display=<pycaret.internal.Display.Display object at 0x7fb5b3d53400>, kwargs={})
2022-03-01 22:04:24,237:INFO:Checking exceptions
2022-03-01 22:04:24,237:INFO:Importing libraries
2022-03-01 22:04:24,237:INFO:Copying training dataset
2022-03-01 22:04:24,238:INFO:Defining folds
2022-03-01 22:04:24,238:INFO:Declaring metric variables
2022-03-01 22:04:24,247:INFO:Importing untrained model
2022-03-01 22:04:24,255:INFO:Light Gradient Boosting Machine Imported succesfully
2022-03-01 22:04:24,287:INFO:Starting cross validation
2022-03-01 22:04:24,288:INFO:Cross validating with StratifiedKFold(n_splits=10, random_state=None, shuffle=False), n_jobs=-1
2022-03-01 22:04:24,559:INFO:Calculating mean and std
2022-03-01 22:04:24,560:INFO:Creating metrics dataframe
2022-03-01 22:04:24,564:INFO:Uploading results into container
2022-03-01 22:04:24,564:INFO:Uploading model into container now
2022-03-01 22:04:24,564:INFO:create_model_container: 13
2022-03-01 22:04:24,564:INFO:master_model_container: 13
2022-03-01 22:04:24,564:INFO:display_container: 2
2022-03-01 22:04:24,565:INFO:LGBMClassifier(boosting_type='gbdt', class_weight=None, colsample_bytree=1.0,
               importance_type='split', learning_rate=0.1, max_depth=-1,
               min_child_samples=20, min_child_weight=0.001, min_split_gain=0.0,
               n_estimators=100, n_jobs=-1, num_leaves=31, objective=None,
               random_state=8702, reg_alpha=0.0, reg_lambda=0.0, silent='warn',
               subsample=1.0, subsample_for_bin=200000, subsample_freq=0)
2022-03-01 22:04:24,565:INFO:create_model() succesfully completed......................................
2022-03-01 22:04:24,634:INFO:SubProcess create_model() end ==================================
2022-03-01 22:04:24,634:INFO:Creating metrics dataframe
2022-03-01 22:04:24,661:INFO:Initializing Dummy Classifier
2022-03-01 22:04:24,661:INFO:Total runtime is 0.19140461285909013 minutes
2022-03-01 22:04:24,673:INFO:SubProcess create_model() called ==================================
2022-03-01 22:04:24,674:INFO:Initializing create_model()
2022-03-01 22:04:24,675:INFO:create_model(estimator=dummy, fold=StratifiedKFold(n_splits=10, random_state=None, shuffle=False), round=4, cross_validation=True, predict=True, fit_kwargs={}, groups=None, refit=False, verbose=False, system=False, metrics=None, add_to_model_list=True, probability_threshold=None, display=<pycaret.internal.Display.Display object at 0x7fb5b3d53400>, kwargs={})
2022-03-01 22:04:24,675:INFO:Checking exceptions
2022-03-01 22:04:24,676:INFO:Importing libraries
2022-03-01 22:04:24,676:INFO:Copying training dataset
2022-03-01 22:04:24,677:INFO:Defining folds
2022-03-01 22:04:24,677:INFO:Declaring metric variables
2022-03-01 22:04:24,686:INFO:Importing untrained model
2022-03-01 22:04:24,695:INFO:Dummy Classifier Imported succesfully
2022-03-01 22:04:24,713:INFO:Starting cross validation
2022-03-01 22:04:24,714:INFO:Cross validating with StratifiedKFold(n_splits=10, random_state=None, shuffle=False), n_jobs=-1
2022-03-01 22:04:24,784:INFO:Calculating mean and std
2022-03-01 22:04:24,786:INFO:Creating metrics dataframe
2022-03-01 22:04:24,794:INFO:Uploading results into container
2022-03-01 22:04:24,794:INFO:Uploading model into container now
2022-03-01 22:04:24,794:INFO:create_model_container: 14
2022-03-01 22:04:24,794:INFO:master_model_container: 14
2022-03-01 22:04:24,794:INFO:display_container: 2
2022-03-01 22:04:24,794:INFO:DummyClassifier(constant=None, random_state=8702, strategy='prior')
2022-03-01 22:04:24,794:INFO:create_model() succesfully completed......................................
2022-03-01 22:04:24,876:INFO:SubProcess create_model() end ==================================
2022-03-01 22:04:24,876:INFO:Creating metrics dataframe
2022-03-01 22:04:24,944:INFO:Initializing create_model()
2022-03-01 22:04:24,944:INFO:create_model(estimator=LinearDiscriminantAnalysis(n_components=None, priors=None, shrinkage=None,
                           solver='svd', store_covariance=False, tol=0.0001), fold=StratifiedKFold(n_splits=10, random_state=None, shuffle=False), round=4, cross_validation=False, predict=False, fit_kwargs={}, groups=None, refit=True, verbose=False, system=False, metrics=None, add_to_model_list=True, probability_threshold=None, display=None, kwargs={})
2022-03-01 22:04:24,944:INFO:Checking exceptions
2022-03-01 22:04:24,944:INFO:Importing libraries
2022-03-01 22:04:24,945:INFO:Copying training dataset
2022-03-01 22:04:24,945:INFO:Defining folds
2022-03-01 22:04:24,945:INFO:Declaring metric variables
2022-03-01 22:04:24,945:INFO:Importing untrained model
2022-03-01 22:04:24,945:INFO:Declaring custom model
2022-03-01 22:04:24,945:INFO:Linear Discriminant Analysis Imported succesfully
2022-03-01 22:04:24,946:INFO:Cross validation set to False
2022-03-01 22:04:24,946:INFO:Fitting Model
2022-03-01 22:04:24,973:INFO:LinearDiscriminantAnalysis(n_components=None, priors=None, shrinkage=None,
                           solver='svd', store_covariance=False, tol=0.0001)
2022-03-01 22:04:24,974:INFO:create_models() succesfully completed......................................
2022-03-01 22:04:25,122:INFO:Initializing create_model()
2022-03-01 22:04:25,122:INFO:create_model(estimator=LogisticRegression(C=1.0, class_weight=None, dual=False, fit_intercept=True,
                   intercept_scaling=1, l1_ratio=None, max_iter=1000,
                   multi_class='auto', n_jobs=None, penalty='l2',
                   random_state=8702, solver='lbfgs', tol=0.0001, verbose=0,
                   warm_start=False), fold=StratifiedKFold(n_splits=10, random_state=None, shuffle=False), round=4, cross_validation=False, predict=False, fit_kwargs={}, groups=None, refit=True, verbose=False, system=False, metrics=None, add_to_model_list=True, probability_threshold=None, display=None, kwargs={})
2022-03-01 22:04:25,122:INFO:Checking exceptions
2022-03-01 22:04:25,123:INFO:Importing libraries
2022-03-01 22:04:25,123:INFO:Copying training dataset
2022-03-01 22:04:25,123:INFO:Defining folds
2022-03-01 22:04:25,123:INFO:Declaring metric variables
2022-03-01 22:04:25,124:INFO:Importing untrained model
2022-03-01 22:04:25,124:INFO:Declaring custom model
2022-03-01 22:04:25,125:INFO:Logistic Regression Imported succesfully
2022-03-01 22:04:25,125:INFO:Cross validation set to False
2022-03-01 22:04:25,125:INFO:Fitting Model
2022-03-01 22:04:25,235:INFO:LogisticRegression(C=1.0, class_weight=None, dual=False, fit_intercept=True,
                   intercept_scaling=1, l1_ratio=None, max_iter=1000,
                   multi_class='auto', n_jobs=None, penalty='l2',
                   random_state=8702, solver='lbfgs', tol=0.0001, verbose=0,
                   warm_start=False)
2022-03-01 22:04:25,235:INFO:create_models() succesfully completed......................................
2022-03-01 22:04:25,357:INFO:Initializing create_model()
2022-03-01 22:04:25,357:INFO:create_model(estimator=RidgeClassifier(alpha=1.0, class_weight=None, copy_X=True, fit_intercept=True,
                max_iter=None, normalize=False, random_state=8702,
                solver='auto', tol=0.001), fold=StratifiedKFold(n_splits=10, random_state=None, shuffle=False), round=4, cross_validation=False, predict=False, fit_kwargs={}, groups=None, refit=True, verbose=False, system=False, metrics=None, add_to_model_list=True, probability_threshold=None, display=None, kwargs={})
2022-03-01 22:04:25,357:INFO:Checking exceptions
2022-03-01 22:04:25,357:INFO:Importing libraries
2022-03-01 22:04:25,357:INFO:Copying training dataset
2022-03-01 22:04:25,358:INFO:Defining folds
2022-03-01 22:04:25,358:INFO:Declaring metric variables
2022-03-01 22:04:25,358:INFO:Importing untrained model
2022-03-01 22:04:25,358:INFO:Declaring custom model
2022-03-01 22:04:25,359:INFO:Ridge Classifier Imported succesfully
2022-03-01 22:04:25,359:INFO:Cross validation set to False
2022-03-01 22:04:25,360:INFO:Fitting Model
2022-03-01 22:04:25,377:INFO:RidgeClassifier(alpha=1.0, class_weight=None, copy_X=True, fit_intercept=True,
                max_iter=None, normalize=False, random_state=8702,
                solver='auto', tol=0.001)
2022-03-01 22:04:25,378:INFO:create_models() succesfully completed......................................
2022-03-01 22:04:25,536:INFO:Initializing create_model()
2022-03-01 22:04:25,536:INFO:create_model(estimator=AdaBoostClassifier(algorithm='SAMME.R', base_estimator=None, learning_rate=1.0,
                   n_estimators=50, random_state=8702), fold=StratifiedKFold(n_splits=10, random_state=None, shuffle=False), round=4, cross_validation=False, predict=False, fit_kwargs={}, groups=None, refit=True, verbose=False, system=False, metrics=None, add_to_model_list=True, probability_threshold=None, display=None, kwargs={})
2022-03-01 22:04:25,536:INFO:Checking exceptions
2022-03-01 22:04:25,536:INFO:Importing libraries
2022-03-01 22:04:25,536:INFO:Copying training dataset
2022-03-01 22:04:25,537:INFO:Defining folds
2022-03-01 22:04:25,537:INFO:Declaring metric variables
2022-03-01 22:04:25,537:INFO:Importing untrained model
2022-03-01 22:04:25,537:INFO:Declaring custom model
2022-03-01 22:04:25,538:INFO:Ada Boost Classifier Imported succesfully
2022-03-01 22:04:25,539:INFO:Cross validation set to False
2022-03-01 22:04:25,539:INFO:Fitting Model
2022-03-01 22:04:25,641:INFO:AdaBoostClassifier(algorithm='SAMME.R', base_estimator=None, learning_rate=1.0,
                   n_estimators=50, random_state=8702)
2022-03-01 22:04:25,641:INFO:create_models() succesfully completed......................................
2022-03-01 22:04:25,724:INFO:Initializing create_model()
2022-03-01 22:04:25,724:INFO:create_model(estimator=GradientBoostingClassifier(ccp_alpha=0.0, criterion='friedman_mse', init=None,
                           learning_rate=0.1, loss='deviance', max_depth=3,
                           max_features=None, max_leaf_nodes=None,
                           min_impurity_decrease=0.0, min_impurity_split=None,
                           min_samples_leaf=1, min_samples_split=2,
                           min_weight_fraction_leaf=0.0, n_estimators=100,
                           n_iter_no_change=None, presort='deprecated',
                           random_state=8702, subsample=1.0, tol=0.0001,
                           validation_fraction=0.1, verbose=0,
                           warm_start=False), fold=StratifiedKFold(n_splits=10, random_state=None, shuffle=False), round=4, cross_validation=False, predict=False, fit_kwargs={}, groups=None, refit=True, verbose=False, system=False, metrics=None, add_to_model_list=True, probability_threshold=None, display=None, kwargs={})
2022-03-01 22:04:25,724:INFO:Checking exceptions
2022-03-01 22:04:25,724:INFO:Importing libraries
2022-03-01 22:04:25,725:INFO:Copying training dataset
2022-03-01 22:04:25,725:INFO:Defining folds
2022-03-01 22:04:25,725:INFO:Declaring metric variables
2022-03-01 22:04:25,725:INFO:Importing untrained model
2022-03-01 22:04:25,726:INFO:Declaring custom model
2022-03-01 22:04:25,727:INFO:Gradient Boosting Classifier Imported succesfully
2022-03-01 22:04:25,728:INFO:Cross validation set to False
2022-03-01 22:04:25,728:INFO:Fitting Model
2022-03-01 22:04:25,842:INFO:GradientBoostingClassifier(ccp_alpha=0.0, criterion='friedman_mse', init=None,
                           learning_rate=0.1, loss='deviance', max_depth=3,
                           max_features=None, max_leaf_nodes=None,
                           min_impurity_decrease=0.0, min_impurity_split=None,
                           min_samples_leaf=1, min_samples_split=2,
                           min_weight_fraction_leaf=0.0, n_estimators=100,
                           n_iter_no_change=None, presort='deprecated',
                           random_state=8702, subsample=1.0, tol=0.0001,
                           validation_fraction=0.1, verbose=0,
                           warm_start=False)
2022-03-01 22:04:25,842:INFO:create_models() succesfully completed......................................
2022-03-01 22:04:25,924:INFO:Initializing create_model()
2022-03-01 22:04:25,924:INFO:create_model(estimator=RandomForestClassifier(bootstrap=True, ccp_alpha=0.0, class_weight=None,
                       criterion='gini', max_depth=None, max_features='auto',
                       max_leaf_nodes=None, max_samples=None,
                       min_impurity_decrease=0.0, min_impurity_split=None,
                       min_samples_leaf=1, min_samples_split=2,
                       min_weight_fraction_leaf=0.0, n_estimators=100,
                       n_jobs=-1, oob_score=False, random_state=8702, verbose=0,
                       warm_start=False), fold=StratifiedKFold(n_splits=10, random_state=None, shuffle=False), round=4, cross_validation=False, predict=False, fit_kwargs={}, groups=None, refit=True, verbose=False, system=False, metrics=None, add_to_model_list=True, probability_threshold=None, display=None, kwargs={})
2022-03-01 22:04:25,925:INFO:Checking exceptions
2022-03-01 22:04:25,925:INFO:Importing libraries
2022-03-01 22:04:25,925:INFO:Copying training dataset
2022-03-01 22:04:25,926:INFO:Defining folds
2022-03-01 22:04:25,926:INFO:Declaring metric variables
2022-03-01 22:04:25,926:INFO:Importing untrained model
2022-03-01 22:04:25,926:INFO:Declaring custom model
2022-03-01 22:04:25,928:INFO:Random Forest Classifier Imported succesfully
2022-03-01 22:04:25,929:INFO:Cross validation set to False
2022-03-01 22:04:25,929:INFO:Fitting Model
2022-03-01 22:04:26,193:INFO:RandomForestClassifier(bootstrap=True, ccp_alpha=0.0, class_weight=None,
                       criterion='gini', max_depth=None, max_features='auto',
                       max_leaf_nodes=None, max_samples=None,
                       min_impurity_decrease=0.0, min_impurity_split=None,
                       min_samples_leaf=1, min_samples_split=2,
                       min_weight_fraction_leaf=0.0, n_estimators=100,
                       n_jobs=-1, oob_score=False, random_state=8702, verbose=0,
                       warm_start=False)
2022-03-01 22:04:26,193:INFO:create_models() succesfully completed......................................
2022-03-01 22:04:26,277:INFO:Initializing create_model()
2022-03-01 22:04:26,277:INFO:create_model(estimator=ExtraTreesClassifier(bootstrap=False, ccp_alpha=0.0, class_weight=None,
                     criterion='gini', max_depth=None, max_features='auto',
                     max_leaf_nodes=None, max_samples=None,
                     min_impurity_decrease=0.0, min_impurity_split=None,
                     min_samples_leaf=1, min_samples_split=2,
                     min_weight_fraction_leaf=0.0, n_estimators=100, n_jobs=-1,
                     oob_score=False, random_state=8702, verbose=0,
                     warm_start=False), fold=StratifiedKFold(n_splits=10, random_state=None, shuffle=False), round=4, cross_validation=False, predict=False, fit_kwargs={}, groups=None, refit=True, verbose=False, system=False, metrics=None, add_to_model_list=True, probability_threshold=None, display=None, kwargs={})
2022-03-01 22:04:26,277:INFO:Checking exceptions
2022-03-01 22:04:26,277:INFO:Importing libraries
2022-03-01 22:04:26,278:INFO:Copying training dataset
2022-03-01 22:04:26,278:INFO:Defining folds
2022-03-01 22:04:26,278:INFO:Declaring metric variables
2022-03-01 22:04:26,279:INFO:Importing untrained model
2022-03-01 22:04:26,279:INFO:Declaring custom model
2022-03-01 22:04:26,281:INFO:Extra Trees Classifier Imported succesfully
2022-03-01 22:04:26,281:INFO:Cross validation set to False
2022-03-01 22:04:26,282:INFO:Fitting Model
2022-03-01 22:04:26,503:INFO:ExtraTreesClassifier(bootstrap=False, ccp_alpha=0.0, class_weight=None,
                     criterion='gini', max_depth=None, max_features='auto',
                     max_leaf_nodes=None, max_samples=None,
                     min_impurity_decrease=0.0, min_impurity_split=None,
                     min_samples_leaf=1, min_samples_split=2,
                     min_weight_fraction_leaf=0.0, n_estimators=100, n_jobs=-1,
                     oob_score=False, random_state=8702, verbose=0,
                     warm_start=False)
2022-03-01 22:04:26,503:INFO:create_models() succesfully completed......................................
2022-03-01 22:04:26,588:INFO:Initializing create_model()
2022-03-01 22:04:26,588:INFO:create_model(estimator=KNeighborsClassifier(algorithm='auto', leaf_size=30, metric='minkowski',
                     metric_params=None, n_jobs=-1, n_neighbors=5, p=2,
                     weights='uniform'), fold=StratifiedKFold(n_splits=10, random_state=None, shuffle=False), round=4, cross_validation=False, predict=False, fit_kwargs={}, groups=None, refit=True, verbose=False, system=False, metrics=None, add_to_model_list=True, probability_threshold=None, display=None, kwargs={})
2022-03-01 22:04:26,588:INFO:Checking exceptions
2022-03-01 22:04:26,588:INFO:Importing libraries
2022-03-01 22:04:26,588:INFO:Copying training dataset
2022-03-01 22:04:26,589:INFO:Defining folds
2022-03-01 22:04:26,589:INFO:Declaring metric variables
2022-03-01 22:04:26,589:INFO:Importing untrained model
2022-03-01 22:04:26,589:INFO:Declaring custom model
2022-03-01 22:04:26,590:INFO:K Neighbors Classifier Imported succesfully
2022-03-01 22:04:26,591:INFO:Cross validation set to False
2022-03-01 22:04:26,591:INFO:Fitting Model
2022-03-01 22:04:26,596:INFO:KNeighborsClassifier(algorithm='auto', leaf_size=30, metric='minkowski',
                     metric_params=None, n_jobs=-1, n_neighbors=5, p=2,
                     weights='uniform')
2022-03-01 22:04:26,596:INFO:create_models() succesfully completed......................................
2022-03-01 22:04:26,709:INFO:Initializing create_model()
2022-03-01 22:04:26,709:INFO:create_model(estimator=LGBMClassifier(boosting_type='gbdt', class_weight=None, colsample_bytree=1.0,
               importance_type='split', learning_rate=0.1, max_depth=-1,
               min_child_samples=20, min_child_weight=0.001, min_split_gain=0.0,
               n_estimators=100, n_jobs=-1, num_leaves=31, objective=None,
               random_state=8702, reg_alpha=0.0, reg_lambda=0.0, silent='warn',
               subsample=1.0, subsample_for_bin=200000, subsample_freq=0), fold=StratifiedKFold(n_splits=10, random_state=None, shuffle=False), round=4, cross_validation=False, predict=False, fit_kwargs={}, groups=None, refit=True, verbose=False, system=False, metrics=None, add_to_model_list=True, probability_threshold=None, display=None, kwargs={})
2022-03-01 22:04:26,710:INFO:Checking exceptions
2022-03-01 22:04:26,710:INFO:Importing libraries
2022-03-01 22:04:26,710:INFO:Copying training dataset
2022-03-01 22:04:26,711:INFO:Defining folds
2022-03-01 22:04:26,711:INFO:Declaring metric variables
2022-03-01 22:04:26,711:INFO:Importing untrained model
2022-03-01 22:04:26,711:INFO:Declaring custom model
2022-03-01 22:04:26,713:INFO:Light Gradient Boosting Machine Imported succesfully
2022-03-01 22:04:26,713:INFO:Cross validation set to False
2022-03-01 22:04:26,713:INFO:Fitting Model
2022-03-01 22:04:26,800:INFO:LGBMClassifier(boosting_type='gbdt', class_weight=None, colsample_bytree=1.0,
               importance_type='split', learning_rate=0.1, max_depth=-1,
               min_child_samples=20, min_child_weight=0.001, min_split_gain=0.0,
               n_estimators=100, n_jobs=-1, num_leaves=31, objective=None,
               random_state=8702, reg_alpha=0.0, reg_lambda=0.0, silent='warn',
               subsample=1.0, subsample_for_bin=200000, subsample_freq=0)
2022-03-01 22:04:26,800:INFO:create_models() succesfully completed......................................
2022-03-01 22:04:26,885:INFO:Initializing create_model()
2022-03-01 22:04:26,885:INFO:create_model(estimator=SGDClassifier(alpha=0.0001, average=False, class_weight=None,
              early_stopping=False, epsilon=0.1, eta0=0.001, fit_intercept=True,
              l1_ratio=0.15, learning_rate='optimal', loss='hinge',
              max_iter=1000, n_iter_no_change=5, n_jobs=-1, penalty='l2',
              power_t=0.5, random_state=8702, shuffle=True, tol=0.001,
              validation_fraction=0.1, verbose=0, warm_start=False), fold=StratifiedKFold(n_splits=10, random_state=None, shuffle=False), round=4, cross_validation=False, predict=False, fit_kwargs={}, groups=None, refit=True, verbose=False, system=False, metrics=None, add_to_model_list=True, probability_threshold=None, display=None, kwargs={})
2022-03-01 22:04:26,885:INFO:Checking exceptions
2022-03-01 22:04:26,885:INFO:Importing libraries
2022-03-01 22:04:26,885:INFO:Copying training dataset
2022-03-01 22:04:26,886:INFO:Defining folds
2022-03-01 22:04:26,886:INFO:Declaring metric variables
2022-03-01 22:04:26,886:INFO:Importing untrained model
2022-03-01 22:04:26,886:INFO:Declaring custom model
2022-03-01 22:04:26,888:INFO:SVM - Linear Kernel Imported succesfully
2022-03-01 22:04:26,889:INFO:Cross validation set to False
2022-03-01 22:04:26,889:INFO:Fitting Model
2022-03-01 22:04:26,898:INFO:SGDClassifier(alpha=0.0001, average=False, class_weight=None,
              early_stopping=False, epsilon=0.1, eta0=0.001, fit_intercept=True,
              l1_ratio=0.15, learning_rate='optimal', loss='hinge',
              max_iter=1000, n_iter_no_change=5, n_jobs=-1, penalty='l2',
              power_t=0.5, random_state=8702, shuffle=True, tol=0.001,
              validation_fraction=0.1, verbose=0, warm_start=False)
2022-03-01 22:04:26,899:INFO:create_models() succesfully completed......................................
2022-03-01 22:04:27,005:INFO:Initializing create_model()
2022-03-01 22:04:27,006:INFO:create_model(estimator=GaussianNB(priors=None, var_smoothing=1e-09), fold=StratifiedKFold(n_splits=10, random_state=None, shuffle=False), round=4, cross_validation=False, predict=False, fit_kwargs={}, groups=None, refit=True, verbose=False, system=False, metrics=None, add_to_model_list=True, probability_threshold=None, display=None, kwargs={})
2022-03-01 22:04:27,006:INFO:Checking exceptions
2022-03-01 22:04:27,006:INFO:Importing libraries
2022-03-01 22:04:27,006:INFO:Copying training dataset
2022-03-01 22:04:27,007:INFO:Defining folds
2022-03-01 22:04:27,007:INFO:Declaring metric variables
2022-03-01 22:04:27,007:INFO:Importing untrained model
2022-03-01 22:04:27,007:INFO:Declaring custom model
2022-03-01 22:04:27,008:INFO:Naive Bayes Imported succesfully
2022-03-01 22:04:27,008:INFO:Cross validation set to False
2022-03-01 22:04:27,008:INFO:Fitting Model
2022-03-01 22:04:27,013:INFO:GaussianNB(priors=None, var_smoothing=1e-09)
2022-03-01 22:04:27,013:INFO:create_models() succesfully completed......................................
2022-03-01 22:04:27,123:INFO:Initializing create_model()
2022-03-01 22:04:27,123:INFO:create_model(estimator=DecisionTreeClassifier(ccp_alpha=0.0, class_weight=None, criterion='gini',
                       max_depth=None, max_features=None, max_leaf_nodes=None,
                       min_impurity_decrease=0.0, min_impurity_split=None,
                       min_samples_leaf=1, min_samples_split=2,
                       min_weight_fraction_leaf=0.0, presort='deprecated',
                       random_state=8702, splitter='best'), fold=StratifiedKFold(n_splits=10, random_state=None, shuffle=False), round=4, cross_validation=False, predict=False, fit_kwargs={}, groups=None, refit=True, verbose=False, system=False, metrics=None, add_to_model_list=True, probability_threshold=None, display=None, kwargs={})
2022-03-01 22:04:27,123:INFO:Checking exceptions
2022-03-01 22:04:27,123:INFO:Importing libraries
2022-03-01 22:04:27,123:INFO:Copying training dataset
2022-03-01 22:04:27,124:INFO:Defining folds
2022-03-01 22:04:27,124:INFO:Declaring metric variables
2022-03-01 22:04:27,124:INFO:Importing untrained model
2022-03-01 22:04:27,125:INFO:Declaring custom model
2022-03-01 22:04:27,125:INFO:Decision Tree Classifier Imported succesfully
2022-03-01 22:04:27,126:INFO:Cross validation set to False
2022-03-01 22:04:27,126:INFO:Fitting Model
2022-03-01 22:04:27,132:INFO:DecisionTreeClassifier(ccp_alpha=0.0, class_weight=None, criterion='gini',
                       max_depth=None, max_features=None, max_leaf_nodes=None,
                       min_impurity_decrease=0.0, min_impurity_split=None,
                       min_samples_leaf=1, min_samples_split=2,
                       min_weight_fraction_leaf=0.0, presort='deprecated',
                       random_state=8702, splitter='best')
2022-03-01 22:04:27,132:INFO:create_models() succesfully completed......................................
2022-03-01 22:04:27,241:INFO:Initializing create_model()
2022-03-01 22:04:27,241:INFO:create_model(estimator=DummyClassifier(constant=None, random_state=8702, strategy='prior'), fold=StratifiedKFold(n_splits=10, random_state=None, shuffle=False), round=4, cross_validation=False, predict=False, fit_kwargs={}, groups=None, refit=True, verbose=False, system=False, metrics=None, add_to_model_list=True, probability_threshold=None, display=None, kwargs={})
2022-03-01 22:04:27,241:INFO:Checking exceptions
2022-03-01 22:04:27,241:INFO:Importing libraries
2022-03-01 22:04:27,241:INFO:Copying training dataset
2022-03-01 22:04:27,242:INFO:Defining folds
2022-03-01 22:04:27,242:INFO:Declaring metric variables
2022-03-01 22:04:27,242:INFO:Importing untrained model
2022-03-01 22:04:27,242:INFO:Declaring custom model
2022-03-01 22:04:27,243:INFO:Dummy Classifier Imported succesfully
2022-03-01 22:04:27,243:INFO:Cross validation set to False
2022-03-01 22:04:27,243:INFO:Fitting Model
2022-03-01 22:04:27,245:INFO:DummyClassifier(constant=None, random_state=8702, strategy='prior')
2022-03-01 22:04:27,245:INFO:create_models() succesfully completed......................................
2022-03-01 22:04:27,355:INFO:Initializing create_model()
2022-03-01 22:04:27,356:INFO:create_model(estimator=QuadraticDiscriminantAnalysis(priors=None, reg_param=0.0,
                              store_covariance=False, tol=0.0001), fold=StratifiedKFold(n_splits=10, random_state=None, shuffle=False), round=4, cross_validation=False, predict=False, fit_kwargs={}, groups=None, refit=True, verbose=False, system=False, metrics=None, add_to_model_list=True, probability_threshold=None, display=None, kwargs={})
2022-03-01 22:04:27,356:INFO:Checking exceptions
2022-03-01 22:04:27,356:INFO:Importing libraries
2022-03-01 22:04:27,356:INFO:Copying training dataset
2022-03-01 22:04:27,357:INFO:Defining folds
2022-03-01 22:04:27,357:INFO:Declaring metric variables
2022-03-01 22:04:27,357:INFO:Importing untrained model
2022-03-01 22:04:27,357:INFO:Declaring custom model
2022-03-01 22:04:27,358:INFO:Quadratic Discriminant Analysis Imported succesfully
2022-03-01 22:04:27,358:INFO:Cross validation set to False
2022-03-01 22:04:27,358:INFO:Fitting Model
2022-03-01 22:04:27,364:INFO:QuadraticDiscriminantAnalysis(priors=None, reg_param=0.0,
                              store_covariance=False, tol=0.0001)
2022-03-01 22:04:27,365:INFO:create_models() succesfully completed......................................
2022-03-01 22:04:27,487:INFO:create_model_container: 14
2022-03-01 22:04:27,487:INFO:master_model_container: 14
2022-03-01 22:04:27,487:INFO:display_container: 2
2022-03-01 22:04:27,491:INFO:[LinearDiscriminantAnalysis(n_components=None, priors=None, shrinkage=None,
                           solver='svd', store_covariance=False, tol=0.0001), LogisticRegression(C=1.0, class_weight=None, dual=False, fit_intercept=True,
                   intercept_scaling=1, l1_ratio=None, max_iter=1000,
                   multi_class='auto', n_jobs=None, penalty='l2',
                   random_state=8702, solver='lbfgs', tol=0.0001, verbose=0,
                   warm_start=False), RidgeClassifier(alpha=1.0, class_weight=None, copy_X=True, fit_intercept=True,
                max_iter=None, normalize=False, random_state=8702,
                solver='auto', tol=0.001), AdaBoostClassifier(algorithm='SAMME.R', base_estimator=None, learning_rate=1.0,
                   n_estimators=50, random_state=8702), GradientBoostingClassifier(ccp_alpha=0.0, criterion='friedman_mse', init=None,
                           learning_rate=0.1, loss='deviance', max_depth=3,
                           max_features=None, max_leaf_nodes=None,
                           min_impurity_decrease=0.0, min_impurity_split=None,
                           min_samples_leaf=1, min_samples_split=2,
                           min_weight_fraction_leaf=0.0, n_estimators=100,
                           n_iter_no_change=None, presort='deprecated',
                           random_state=8702, subsample=1.0, tol=0.0001,
                           validation_fraction=0.1, verbose=0,
                           warm_start=False), RandomForestClassifier(bootstrap=True, ccp_alpha=0.0, class_weight=None,
                       criterion='gini', max_depth=None, max_features='auto',
                       max_leaf_nodes=None, max_samples=None,
                       min_impurity_decrease=0.0, min_impurity_split=None,
                       min_samples_leaf=1, min_samples_split=2,
                       min_weight_fraction_leaf=0.0, n_estimators=100,
                       n_jobs=-1, oob_score=False, random_state=8702, verbose=0,
                       warm_start=False), ExtraTreesClassifier(bootstrap=False, ccp_alpha=0.0, class_weight=None,
                     criterion='gini', max_depth=None, max_features='auto',
                     max_leaf_nodes=None, max_samples=None,
                     min_impurity_decrease=0.0, min_impurity_split=None,
                     min_samples_leaf=1, min_samples_split=2,
                     min_weight_fraction_leaf=0.0, n_estimators=100, n_jobs=-1,
                     oob_score=False, random_state=8702, verbose=0,
                     warm_start=False), KNeighborsClassifier(algorithm='auto', leaf_size=30, metric='minkowski',
                     metric_params=None, n_jobs=-1, n_neighbors=5, p=2,
                     weights='uniform'), LGBMClassifier(boosting_type='gbdt', class_weight=None, colsample_bytree=1.0,
               importance_type='split', learning_rate=0.1, max_depth=-1,
               min_child_samples=20, min_child_weight=0.001, min_split_gain=0.0,
               n_estimators=100, n_jobs=-1, num_leaves=31, objective=None,
               random_state=8702, reg_alpha=0.0, reg_lambda=0.0, silent='warn',
               subsample=1.0, subsample_for_bin=200000, subsample_freq=0), SGDClassifier(alpha=0.0001, average=False, class_weight=None,
              early_stopping=False, epsilon=0.1, eta0=0.001, fit_intercept=True,
              l1_ratio=0.15, learning_rate='optimal', loss='hinge',
              max_iter=1000, n_iter_no_change=5, n_jobs=-1, penalty='l2',
              power_t=0.5, random_state=8702, shuffle=True, tol=0.001,
              validation_fraction=0.1, verbose=0, warm_start=False), GaussianNB(priors=None, var_smoothing=1e-09), DecisionTreeClassifier(ccp_alpha=0.0, class_weight=None, criterion='gini',
                       max_depth=None, max_features=None, max_leaf_nodes=None,
                       min_impurity_decrease=0.0, min_impurity_split=None,
                       min_samples_leaf=1, min_samples_split=2,
                       min_weight_fraction_leaf=0.0, presort='deprecated',
                       random_state=8702, splitter='best'), DummyClassifier(constant=None, random_state=8702, strategy='prior'), QuadraticDiscriminantAnalysis(priors=None, reg_param=0.0,
                              store_covariance=False, tol=0.0001)]
2022-03-01 22:04:27,491:INFO:compare_models() succesfully completed......................................
2022-03-01 22:05:09,816:INFO:Initializing tune_model()
2022-03-01 22:05:09,816:INFO:tune_model(estimator=LogisticRegression(C=1.0, class_weight=None, dual=False, fit_intercept=True,
                   intercept_scaling=1, l1_ratio=None, max_iter=1000,
                   multi_class='auto', n_jobs=None, penalty='l2',
                   random_state=8702, solver='lbfgs', tol=0.0001, verbose=0,
                   warm_start=False), fold=None, round=4, n_iter=10, custom_grid=None, optimize=Accuracy, custom_scorer=None, search_library=scikit-learn, search_algorithm=None, early_stopping=False, early_stopping_max_iters=10, choose_better=False, fit_kwargs=None, groups=None, return_tuner=False, verbose=True, tuner_verbose=True, display=None, kwargs={})
2022-03-01 22:05:09,816:INFO:Checking exceptions
2022-03-01 22:05:09,817:INFO:Preparing display monitor
2022-03-01 22:05:09,837:INFO:Copying training dataset
2022-03-01 22:05:09,838:INFO:Checking base model
2022-03-01 22:05:09,839:INFO:Base model : Logistic Regression
2022-03-01 22:05:09,848:INFO:Declaring metric variables
2022-03-01 22:05:09,857:INFO:Defining Hyperparameters
2022-03-01 22:05:09,964:INFO:Tuning with n_jobs=-1
2022-03-01 22:05:09,964:INFO:Initializing RandomizedSearchCV
2022-03-01 22:05:11,982:INFO:best_params: {'actual_estimator__class_weight': {}, 'actual_estimator__C': 1.356}
2022-03-01 22:05:11,982:INFO:Hyperparameter search completed
2022-03-01 22:05:11,983:INFO:SubProcess create_model() called ==================================
2022-03-01 22:05:11,983:INFO:Initializing create_model()
2022-03-01 22:05:11,983:INFO:create_model(estimator=LogisticRegression(C=1.0, class_weight=None, dual=False, fit_intercept=True,
                   intercept_scaling=1, l1_ratio=None, max_iter=1000,
                   multi_class='auto', n_jobs=None, penalty='l2',
                   random_state=8702, solver='lbfgs', tol=0.0001, verbose=0,
                   warm_start=False), fold=StratifiedKFold(n_splits=10, random_state=None, shuffle=False), round=4, cross_validation=True, predict=True, fit_kwargs={}, groups=None, refit=True, verbose=True, system=False, metrics=None, add_to_model_list=True, probability_threshold=None, display=<pycaret.internal.Display.Display object at 0x7fb5b4828fa0>, kwargs={'class_weight': {}, 'C': 1.356})
2022-03-01 22:05:11,983:INFO:Checking exceptions
2022-03-01 22:05:11,984:INFO:Importing libraries
2022-03-01 22:05:11,984:INFO:Copying training dataset
2022-03-01 22:05:11,985:INFO:Defining folds
2022-03-01 22:05:11,985:INFO:Declaring metric variables
2022-03-01 22:05:12,001:INFO:Importing untrained model
2022-03-01 22:05:12,002:INFO:Declaring custom model
2022-03-01 22:05:12,017:INFO:Logistic Regression Imported succesfully
2022-03-01 22:05:12,053:INFO:Starting cross validation
2022-03-01 22:05:12,054:INFO:Cross validating with StratifiedKFold(n_splits=10, random_state=None, shuffle=False), n_jobs=-1
2022-03-01 22:05:12,304:INFO:Calculating mean and std
2022-03-01 22:05:12,305:INFO:Creating metrics dataframe
2022-03-01 22:05:12,317:INFO:Finalizing model
2022-03-01 22:05:12,372:INFO:Uploading results into container
2022-03-01 22:05:12,372:INFO:Uploading model into container now
2022-03-01 22:05:12,372:INFO:create_model_container: 15
2022-03-01 22:05:12,372:INFO:master_model_container: 15
2022-03-01 22:05:12,372:INFO:display_container: 3
2022-03-01 22:05:12,373:INFO:LogisticRegression(C=1.356, class_weight={}, dual=False, fit_intercept=True,
                   intercept_scaling=1, l1_ratio=None, max_iter=1000,
                   multi_class='auto', n_jobs=None, penalty='l2',
                   random_state=8702, solver='lbfgs', tol=0.0001, verbose=0,
                   warm_start=False)
2022-03-01 22:05:12,373:INFO:create_model() succesfully completed......................................
2022-03-01 22:05:12,494:INFO:SubProcess create_model() end ==================================
2022-03-01 22:05:12,510:INFO:create_model_container: 15
2022-03-01 22:05:12,510:INFO:master_model_container: 15
2022-03-01 22:05:12,510:INFO:display_container: 3
2022-03-01 22:05:12,510:INFO:LogisticRegression(C=1.356, class_weight={}, dual=False, fit_intercept=True,
                   intercept_scaling=1, l1_ratio=None, max_iter=1000,
                   multi_class='auto', n_jobs=None, penalty='l2',
                   random_state=8702, solver='lbfgs', tol=0.0001, verbose=0,
                   warm_start=False)
2022-03-01 22:05:12,510:INFO:tune_model() succesfully completed......................................
